pru1.p(   61) : 0x0000 = Label      : START:
pru1.p(   62) : 0x0000 = 0x2effbb80 :     zero     &r0, 120
pru1.p(   63) : 0x0001 = 0x91042480 :     lbco     r0, C4, 4, 4
pru1.p(   63) : 0x0002 = 0x1d04e0e0 :     clr      r0, 4
pru1.p(   63) : 0x0003 = 0x81042480 :     sbco     r0, C4, 4, 4
pru1.p(   63) : 0x0004 = 0x244804d1 :     mov      r17, 0x4804C000 | 0x138
pru1.p(   63) : 0x0005 = 0x24c13891 :     mov      r17, 0x4804C000 | 0x138
pru1.p(   63) : 0x0006 = 0x244804d2 :     mov      r18, 0x4804C000 | 0x194
pru1.p(   63) : 0x0007 = 0x24c19492 :     mov      r18, 0x4804C000 | 0x194
pru1.p(   63) : 0x0008 = 0x244804d3 :     mov      r19, 0x4804C000 | 0x190
pru1.p(   63) : 0x0009 = 0x24c19093 :     mov      r19, 0x4804C000 | 0x190
pru1.p(   63) : 0x000a = 0x1f0cf0f0 :     set      r16, 12
pru1.p(   67) : 0x000b = 0x240000f7 :     mov      r23, 0x00000000
pru1.p(   67) : 0x000c = 0xf104379b :     lbbo     r27, r23, 4, 4
pru1.p(   68) : 0x000d = 0x1d0ceeee :     clr      r14, 12
pru1.p(   68) : 0x000e = 0xe1003390 :     sbbo     r16, r19, 0, 4
pru1.p(   72) : 0x000f = 0x240001fc :     ldi      r28, 1
pru1.p(   73) : 0x0010 = 0x0910fcfc :     lsl      r28, r28, 16
pru1.p(   75) : 0x0011 = Label      : INIT_READ:
pru1.p(   75) : 0x0011 = 0xf100379d :     lbbo     r29, r23, 0, 4
pru1.p(   77) : 0x0012 = 0xcf003dff :     qbbc     INIT_READ, r29.b1.t0
pru1.p(   78) : 0x0013 = Label      : MAIN:
pru1.p(   79) : 0x0013 = 0x240022ff :     ldi      r31, 18 + 16
pru1.p(   83) : 0x0014 = 0xf100fc85 :     lbbo     r5, r28, 0, 16
pru1.p(   90) : 0x0015 = 0x241000f9 :     mov      r25, #4096
pru1.p(   91) : 0x0016 = 0x10fdfdfe :     mov      r30, r29
pru1.p(   92) : 0x0017 = Label      : I_LOOP:
pru1.p(   92) : 0x0017 = 0x10e9e9ea :     mov      r10, r9
pru1.p(   92) : 0x0018 = 0x103f3f29 :     mov      r9.b1, r31.b1
pru1.p(   92) : 0x0019 = 0x14eae9eb :     xor      r11, r9, r10
pru1.p(   94) : 0x001a = Label      : ENC_1_CHK:
pru1.p(   94) : 0x001a = 0xc9002b03 :     qbbc     _ENC_JMP_15_1_, r11.b1.t0
pru1.p(   94) : 0x001b = 0x0101e1e1 :     add      r1, r1, #1
pru1.p(   94) : 0x001c = 0x79000003 :     qba      _NEXT_15_1_
pru1.p(   94) : 0x001d = Label      : _ENC_JMP_15_1_:
pru1.p(   94) : 0x001d = 0x107d7d7d :     mov      r29.b3, r29.b3
pru1.p(   94) : 0x001e = 0x107d7d7d :     mov      r29.b3, r29.b3
pru1.p(   94) : 0x001f = Label      : _NEXT_15_1_:
pru1.p(   96) : 0x001f = Label      : ENC_2_CHK:
pru1.p(   96) : 0x001f = 0xc9012b03 :     qbbc     _ENC_JMP_15_2_, r11.b1.t1
pru1.p(   96) : 0x0020 = 0x0101e2e2 :     add      r2, r2, #1
pru1.p(   96) : 0x0021 = 0x79000003 :     qba      _NEXT_15_2_
pru1.p(   96) : 0x0022 = Label      : _ENC_JMP_15_2_:
pru1.p(   96) : 0x0022 = 0x107d7d7d :     mov      r29.b3, r29.b3
pru1.p(   96) : 0x0023 = 0x107d7d7d :     mov      r29.b3, r29.b3
pru1.p(   96) : 0x0024 = Label      : _NEXT_15_2_:
pru1.p(   98) : 0x0024 = Label      : ENC_3_CHK:
pru1.p(   98) : 0x0024 = 0xc9022b03 :     qbbc     _ENC_JMP_15_3_, r11.b1.t2
pru1.p(   98) : 0x0025 = 0x0101e3e3 :     add      r3, r3, #1
pru1.p(   98) : 0x0026 = 0x79000003 :     qba      _NEXT_15_3_
pru1.p(   98) : 0x0027 = Label      : _ENC_JMP_15_3_:
pru1.p(   98) : 0x0027 = 0x107d7d7d :     mov      r29.b3, r29.b3
pru1.p(   98) : 0x0028 = 0x107d7d7d :     mov      r29.b3, r29.b3
pru1.p(   98) : 0x0029 = Label      : _NEXT_15_3_:
pru1.p(  100) : 0x0029 = Label      : ENC_4_CHK:
pru1.p(  100) : 0x0029 = 0xc9032b03 :     qbbc     _ENC_JMP_15_4_, r11.b1.t3
pru1.p(  100) : 0x002a = 0x0101e4e4 :     add      r4, r4, #1
pru1.p(  100) : 0x002b = 0x79000003 :     qba      _NEXT_15_4_
pru1.p(  100) : 0x002c = Label      : _ENC_JMP_15_4_:
pru1.p(  100) : 0x002c = 0x107d7d7d :     mov      r29.b3, r29.b3
pru1.p(  100) : 0x002d = 0x107d7d7d :     mov      r29.b3, r29.b3
pru1.p(  100) : 0x002e = Label      : _NEXT_15_4_:
pru1.p(  103) : 0x002e = Label      : PWM_1_CHK:
pru1.p(  103) : 0x002e = 0xc9021d04 :     qbbc     _CCW_14_1_, r29.b0.t2
pru1.p(  103) : 0x002f = Label      : _CW_14_1_:
pru1.p(  103) : 0x002f = 0x6900e506 :     qbne     _PWM_JMP_14_1_, r5, 0
pru1.p(  103) : 0x0030 = 0x1d02fefe :     clr      r30.t2
pru1.p(  103) : 0x0031 = 0x79000006 :     qba      _NEXT_14_1_
pru1.p(  103) : 0x0032 = Label      : _CCW_14_1_:
pru1.p(  103) : 0x0032 = 0x6900e503 :     qbne     _PWM_JMP_14_1_, r5, 0
pru1.p(  103) : 0x0033 = 0x1d03fefe :     clr      r30.t3
pru1.p(  103) : 0x0034 = 0x79000003 :     qba      _NEXT_14_1_
pru1.p(  103) : 0x0035 = Label      : _PWM_JMP_14_1_:
pru1.p(  103) : 0x0035 = 0x0501e5e5 :     sub      r5, r5, #1
pru1.p(  103) : 0x0036 = 0x107d7d7d :     mov      r29.b3, r29.b3
pru1.p(  103) : 0x0037 = Label      : _NEXT_14_1_:
pru1.p(  105) : 0x0037 = Label      : PWM_2_CHK:
pru1.p(  105) : 0x0037 = 0xc9041d04 :     qbbc     _CCW_14_2_, r29.b0.t4
pru1.p(  105) : 0x0038 = Label      : _CW_14_2_:
pru1.p(  105) : 0x0038 = 0x6900e606 :     qbne     _PWM_JMP_14_2_, r6, 0
pru1.p(  105) : 0x0039 = 0x1d04fefe :     clr      r30.t4
pru1.p(  105) : 0x003a = 0x79000006 :     qba      _NEXT_14_2_
pru1.p(  105) : 0x003b = Label      : _CCW_14_2_:
pru1.p(  105) : 0x003b = 0x6900e603 :     qbne     _PWM_JMP_14_2_, r6, 0
pru1.p(  105) : 0x003c = 0x1d05fefe :     clr      r30.t5
pru1.p(  105) : 0x003d = 0x79000003 :     qba      _NEXT_14_2_
pru1.p(  105) : 0x003e = Label      : _PWM_JMP_14_2_:
pru1.p(  105) : 0x003e = 0x0501e6e6 :     sub      r6, r6, #1
pru1.p(  105) : 0x003f = 0x107d7d7d :     mov      r29.b3, r29.b3
pru1.p(  105) : 0x0040 = Label      : _NEXT_14_2_:
pru1.p(  107) : 0x0040 = Label      : PWM_3_CHK:
pru1.p(  107) : 0x0040 = 0xc9001d04 :     qbbc     _CCW_14_3_, r29.b0.t0
pru1.p(  107) : 0x0041 = Label      : _CW_14_3_:
pru1.p(  107) : 0x0041 = 0x6900e706 :     qbne     _PWM_JMP_14_3_, r7, 0
pru1.p(  107) : 0x0042 = 0x1d00fefe :     clr      r30.t0
pru1.p(  107) : 0x0043 = 0x79000006 :     qba      _NEXT_14_3_
pru1.p(  107) : 0x0044 = Label      : _CCW_14_3_:
pru1.p(  107) : 0x0044 = 0x6900e703 :     qbne     _PWM_JMP_14_3_, r7, 0
pru1.p(  107) : 0x0045 = 0x1d01fefe :     clr      r30.t1
pru1.p(  107) : 0x0046 = 0x79000003 :     qba      _NEXT_14_3_
pru1.p(  107) : 0x0047 = Label      : _PWM_JMP_14_3_:
pru1.p(  107) : 0x0047 = 0x0501e7e7 :     sub      r7, r7, #1
pru1.p(  107) : 0x0048 = 0x107d7d7d :     mov      r29.b3, r29.b3
pru1.p(  107) : 0x0049 = Label      : _NEXT_14_3_:
pru1.p(  109) : 0x0049 = Label      : PWM_4_CHK:
pru1.p(  109) : 0x0049 = 0xc9061d04 :     qbbc     _CCW_14_4_, r29.b0.t6
pru1.p(  109) : 0x004a = Label      : _CW_14_4_:
pru1.p(  109) : 0x004a = 0x6900e806 :     qbne     _PWM_JMP_14_4_, r8, 0
pru1.p(  109) : 0x004b = 0x1d06fefe :     clr      r30.t6
pru1.p(  109) : 0x004c = 0x79000006 :     qba      _NEXT_14_4_
pru1.p(  109) : 0x004d = Label      : _CCW_14_4_:
pru1.p(  109) : 0x004d = 0x6900e803 :     qbne     _PWM_JMP_14_4_, r8, 0
pru1.p(  109) : 0x004e = 0x1d07fefe :     clr      r30.t7
pru1.p(  109) : 0x004f = 0x79000003 :     qba      _NEXT_14_4_
pru1.p(  109) : 0x0050 = Label      : _PWM_JMP_14_4_:
pru1.p(  109) : 0x0050 = 0x0501e8e8 :     sub      r8, r8, #1
pru1.p(  109) : 0x0051 = 0x107d7d7d :     mov      r29.b3, r29.b3
pru1.p(  109) : 0x0052 = Label      : _NEXT_14_4_:
pru1.p(  113) : 0x0052 = Label      : TIMEKILL:
pru1.p(  113) : 0x0052 = 0x10fbfbf8 :     mov      r24, r27
pru1.p(  114) : 0x0053 = Label      : J_LOOP:
pru1.p(  114) : 0x0053 = 0x0501f8f8 :     sub      r24, r24, #1
pru1.p(  115) : 0x0054 = 0x6f00f8ff :     qbne     J_LOOP, r24, 0
pru1.p(  117) : 0x0055 = 0xe110fc81 :     sbbo     &r1, r28, 16, 16
pru1.p(  120) : 0x0056 = 0xf100379d :     lbbo     r29, r23, 0, 4
pru1.p(  121) : 0x0057 = 0xc9003d13 :     qbbc     STOP, r29.b1.t0
pru1.p(  123) : 0x0058 = 0xd1023d10 :     qbbs     UPDATE, r29.b1.t2
pru1.p(  125) : 0x0059 = 0x0501f9f9 :     sub      r25, r25, #1
pru1.p(  126) : 0x005a = 0x6f00f9bd :     qbne     I_LOOP, r25, 0
pru1.p(  127) : 0x005b = 0x15102e2e :     xor      r14.b1, r14.b1, 1<<4
pru1.p(  127) : 0x005c = 0xc90cee04 :     qbbc     _L0_6_1_, r14, 12
pru1.p(  127) : 0x005d = 0x1f0ceeee :     set      r14, 12
pru1.p(  127) : 0x005e = 0xe1003290 :     sbbo     r16, r18, 0, 4
pru1.p(  127) : 0x005f = 0x79000003 :     qba      _L1_6_1_
pru1.p(  127) : 0x0060 = Label      : _L0_6_1_:
pru1.p(  127) : 0x0060 = 0x1d0ceeee :     clr      r14, 12
pru1.p(  127) : 0x0061 = 0xe1003390 :     sbbo     r16, r19, 0, 4
pru1.p(  127) : 0x0062 = Label      : _L1_6_1_:
pru1.p(  129) : 0x0062 = 0xf100318f :     lbbo     r15, r17, 0, 4
pru1.p(  129) : 0x0063 = 0xd10fef02 :     qbbs     HALT_PRU1, r15.t15
pru1.p(  130) : 0x0064 = 0x7f0000af :     qba      MAIN
pru1.p(  131) : 0x0065 = Label      : HALT_PRU1:
pru1.p(  131) : 0x0065 = 0x240000fe :     mov      r30, 0x00000000
pru1.p(  132) : 0x0066 = 0x2400241f :     mov      r31.b0, 32 | 4
pru1.p(  133) : 0x0067 = 0x2a000000 :     halt     
pru1.p(  135) : 0x0068 = Label      : UPDATE:
pru1.p(  135) : 0x0068 = 0x1d023d3d :     clr      r29.b1.t2
pru1.p(  135) : 0x0069 = 0xe100379d :     sbbo     r29, r23, 0, 4
pru1.p(  136) : 0x006a = Label      : STOP:
pru1.p(  136) : 0x006a = 0xd1013d03 :     qbbs     _HARD_BR_19_1_, r29.b1.t1
pru1.p(  136) : 0x006b = 0x2400001e :     mov      r30.b0, 0x00
pru1.p(  136) : 0x006c = 0x79000003 :     qba      _NEXT_19_1_
pru1.p(  136) : 0x006d = Label      : _HARD_BR_19_1_:
pru1.p(  136) : 0x006d = 0x2400ff1e :     mov      r30.b0, 0xFF
pru1.p(  136) : 0x006e = 0x107d7d7d :     mov      r29.b3, r29.b3
pru1.p(  136) : 0x006f = Label      : _NEXT_19_1_:
pru1.p(  137) : 0x006f = 0x1d0ceeee :     clr      r14, 12
pru1.p(  137) : 0x0070 = 0xe1003390 :     sbbo     r16, r19, 0, 4
pru1.p(  139) : 0x0071 = Label      : PWM_WAIT:
pru1.p(  139) : 0x0071 = 0xf100318f :     lbbo     r15, r17, 0, 4
pru1.p(  139) : 0x0072 = 0xd70feff3 :     qbbs     HALT_PRU1, r15.t15
pru1.p(  140) : 0x0073 = 0xf100379d :     lbbo     r29, r23, 0, 4
pru1.p(  141) : 0x0074 = 0xd7003d9f :     qbbs     MAIN, r29.b1.t0
pru1.p(  142) : 0x0075 = 0x10fbfbf8 :     mov      r24, r27
pru1.p(  143) : 0x0076 = Label      : WAIT_LOOP:
pru1.p(  143) : 0x0076 = 0x0501f8f8 :     sub      r24, r24, #1
pru1.p(  144) : 0x0077 = 0x6f00f8ff :     qbne     WAIT_LOOP, r24, 0
pru1.p(  145) : 0x0078 = 0x7f0000f9 :     qba      PWM_WAIT
